<?xml version="1.0" encoding="UTF-8"?>
<testsuite xmlns:xsi="http://www.w3.org/2001/XMLSchema-instance" xsi:noNamespaceSchemaLocation="https://maven.apache.org/surefire/maven-surefire-plugin/xsd/surefire-test-report-3.0.xsd" version="3.0" name="com.webflux.boilerplate.controller.PersonControllerTest" time="2.741" tests="2" errors="0" skipped="0" failures="0">
  <properties>
[...]
</properties>
  <testcase name="createPersonTest" classname="com.webflux.boilerplate.controller.PersonControllerTest" time="0.26">
    <system-out><![CDATA[2025-05-21 04:21:34 [Request-ID: ] [main] INFO  o.s.t.c.s.AnnotationConfigContextLoaderUtils - Could not detect default configuration classes for test class [com.webflux.boilerplate.controller.PersonControllerTest]: PersonControllerTest does not declare any static, non-private, non-final, nested classes annotated with @Configuration.
2025-05-21 04:21:34 [Request-ID: ] [main] INFO  o.s.b.t.c.SpringBootTestContextBootstrapper - Found @SpringBootConfiguration com.webflux.boilerplate.MainApplication for test class com.webflux.boilerplate.controller.PersonControllerTest

  .   ____          _            __ _ _
 /\\ / ___'_ __ _ _(_)_ __  __ _ \ \ \ \
( ( )\___ | '_ | '_| | '_ \/ _` | \ \ \ \
 \\/  ___)| |_)| | | | | || (_| |  ) ) ) )
  '  |____| .__|_| |_|_| |_\__, | / / / /
 =========|_|==============|___/=/_/_/_/

 :: Spring Boot ::                (v3.4.5)

2025-05-21 04:21:34 [Request-ID: ] [main] INFO  c.w.b.c.PersonControllerTest - Starting PersonControllerTest using Java 21.0.7 with PID 30754 (started by johnbrixpomoy in /Users/johnbrixpomoy/Documents/Github/spring-boot-webflux-boilerplate)
2025-05-21 04:21:34 [Request-ID: ] [main] INFO  c.w.b.c.PersonControllerTest - The following 1 profile is active: "local"
2025-05-21 04:21:36 [Request-ID: ] [main] INFO  c.w.b.c.PersonControllerTest - Started PersonControllerTest in 2.074 seconds (process running for 2.875)
2025-05-21 04:21:36 [Request-ID: 22b0f688-96fd-4c7a-9763-0159fd3eebd9] [parallel-1] INFO  c.w.b.controller.PersonController - HttpRequest: HttpPersonRequest(userId=1, firstName=foo, lastName=bar, middleName=f)
2025-05-21 04:21:36 [Request-ID: 22b0f688-96fd-4c7a-9763-0159fd3eebd9] [parallel-1] INFO  c.w.b.controller.PersonController - HttpPersonResponse: HttpPersonResponse(message=success, status=0, description=success, isSuccess=true, resultCode=null)
]]></system-out>
    <system-err><![CDATA[Mockito is currently self-attaching to enable the inline-mock-maker. This will no longer work in future releases of the JDK. Please add Mockito as an agent to your build what is described in Mockito's documentation: https://javadoc.io/doc/org.mockito/mockito-core/latest/org/mockito/Mockito.html#0.3
WARNING: A Java agent has been loaded dynamically (/Users/johnbrixpomoy/.m2/repository/net/bytebuddy/byte-buddy-agent/1.15.11/byte-buddy-agent-1.15.11.jar)
WARNING: If a serviceability tool is in use, please run with -XX:+EnableDynamicAgentLoading to hide this warning
WARNING: If a serviceability tool is not in use, please run with -Djdk.instrument.traceUsage for more information
WARNING: Dynamic loading of agents will be disallowed by default in a future release
]]></system-err>
  </testcase>
  <testcase name="getPersonTest" classname="com.webflux.boilerplate.controller.PersonControllerTest" time="0.016">
    <system-out><![CDATA[2025-05-21 04:21:36 [Request-ID: 58cf0cc8-3daa-4b12-bc03-14ed97cabaa0] [parallel-2] INFO  c.w.b.controller.PersonController - HttpID: 123
2025-05-21 04:21:36 [Request-ID: 58cf0cc8-3daa-4b12-bc03-14ed97cabaa0] [parallel-2] INFO  c.w.b.controller.PersonController - HttpPersonResponse: HttpPersonResponse(message=success, status=0, description=success, isSuccess=true, resultCode=null)
]]></system-out>
  </testcase>
</testsuite>